SF:lib/counter_cubit/cubit.dart
DA:4,6
DA:7,4
DA:10,4
LF:3
LH:3
end_of_record
SF:lib/counter_cubit/page.dart
DA:8,3
DA:12,2
DA:14,2
DA:15,4
DA:16,4
LF:5
LH:5
end_of_record
SF:lib/counter_cubit/view.dart
DA:7,3
DA:11,3
DA:13,6
DA:14,3
DA:15,3
DA:16,9
DA:17,6
DA:19,3
DA:20,3
DA:21,3
DA:22,9
DA:26,3
DA:29,3
DA:30,3
DA:34,3
DA:37,3
DA:41,3
LF:17
LH:17
end_of_record
SF:lib/app.dart
DA:5,1
DA:7,1
DA:9,1
DA:11,1
DA:12,1
LF:5
LH:5
end_of_record
SF:lib/counter_home_page.dart
DA:6,3
DA:8,2
DA:10,2
DA:11,2
DA:14,2
DA:15,2
DA:17,2
DA:18,2
DA:21,1
DA:22,1
DA:24,2
DA:28,2
DA:31,1
DA:32,1
DA:34,2
LF:15
LH:15
end_of_record
SF:lib/counter_bloc/state.dart
DA:6,8
DA:8,1
DA:9,2
DA:13,7
DA:17,3
LF:5
LH:5
end_of_record
SF:lib/counter_bloc/event.dart
DA:5,1
DA:6,1
LF:2
LH:2
end_of_record
SF:lib/counter_bloc/bloc.dart
DA:9,6
DA:10,9
DA:11,9
LF:3
LH:3
end_of_record
SF:lib/counter_bloc/page.dart
DA:8,3
DA:12,2
DA:14,2
DA:15,4
DA:16,4
LF:5
LH:5
end_of_record
SF:lib/counter_bloc/view.dart
DA:7,3
DA:11,3
DA:13,6
DA:14,3
DA:15,3
DA:16,9
DA:17,6
DA:19,3
DA:20,3
DA:21,3
DA:22,12
DA:26,3
DA:29,3
DA:30,3
DA:34,4
DA:37,3
DA:41,4
LF:17
LH:17
end_of_record
